<?xml version="1.0" encoding="UTF-8"?>
<Site BuildName="(empty)"
	BuildStamp="20250516-1722-Experimental"
	Name="(empty)"
	Generator="ctest-3.28.4"
	CompilerName=""
	CompilerVersion=""
	OSName="Windows"
	Hostname="DESKTOP-RHCG7VG"
	OSRelease=" Personal"
	OSVersion=" (Build 22631)"
	OSPlatform="AMD64"
	Is64Bits="1"
	VendorString="GenuineIntel"
	VendorID="Intel Corporation"
	FamilyID="6"
	ModelID="7"
	ProcessorCacheSize="-1"
	NumberOfLogicalCPU="32"
	NumberOfPhysicalCPU="24"
	TotalVirtualMemory="44299"
	TotalPhysicalMemory="32523"
	LogicalProcessorsPerPhysical="1"
	ProcessorClockFrequency="3187"
	>
	<Testing>
		<StartDateTime>May 16 19:22 Romance Daylight Time</StartDateTime>
		<StartTestTime>1747416133</StartTestTime>
		<TestList/>
		<EndDateTime>May 16 19:22 Romance Daylight Time</EndDateTime>
		<EndTestTime>1747416133</EndTestTime>
		<ElapsedMinutes>0</ElapsedMinutes>
	</Testing>
</Site>
